#
# There is insufficient memory for the Java Runtime Environment to continue.
# Native memory allocation (malloc) failed to allocate 966912 bytes for Chunk::new
# Possible reasons:
#   The system is out of physical RAM or swap space
#   In 32 bit mode, the process size limit was hit
# Possible solutions:
#   Reduce memory load on the system
#   Increase physical memory or swap space
#   Check if swap backing store is full
#   Use 64 bit Java on a 64 bit OS
#   Decrease Java heap size (-Xmx/-Xms)
#   Decrease number of Java threads
#   Decrease Java thread stack sizes (-Xss)
#   Set larger code cache with -XX:ReservedCodeCacheSize=
# This output file may be truncated or incomplete.
#
#  Out of Memory Error (allocation.cpp:390), pid=19296, tid=17916
#
# JRE version: Java(TM) SE Runtime Environment (8.0_65-b17) (build 1.8.0_65-b17)
# Java VM: Java HotSpot(TM) 64-Bit Server VM (25.65-b01 mixed mode windows-amd64 compressed oops)
# Failed to write core dump. Minidumps are not enabled by default on client versions of Windows
#

---------------  T H R E A D  ---------------

Current thread (0x00000000550d8000):  JavaThread "C2 CompilerThread0" daemon [_thread_in_native, id=17916, stack(0x0000000056820000,0x0000000056920000)]

Stack: [0x0000000056820000,0x0000000056920000]
[error occurred during error reporting (printing stack bounds), id 0xc0000005]

Native frames: (J=compiled Java code, j=interpreted, Vv=VM code, C=native code)


Current CompileTask:
C2:   3617 1461   !   4       com.android.dx.cf.code.BytecodeArray::parseInstruction (2764 bytes)


---------------  P R O C E S S  ---------------

Java Threads: ( => current thread )
  0x0000000056eb6000 JavaThread "pool-1-thread-4" [_thread_blocked, id=19600, stack(0x0000000056970000,0x0000000056a70000)]
  0x0000000056eb5800 JavaThread "pool-1-thread-3" [_thread_blocked, id=19616, stack(0x0000000057570000,0x0000000057670000)]
  0x0000000056eb4000 JavaThread "pool-1-thread-2" [_thread_blocked, id=20272, stack(0x0000000057260000,0x0000000057360000)]
  0x0000000056e44000 JavaThread "pool-2-thread-1" [_thread_blocked, id=9472, stack(0x0000000056130000,0x0000000056230000)]
  0x0000000056e42800 JavaThread "pool-1-thread-1" [_thread_blocked, id=19252, stack(0x0000000057360000,0x0000000057460000)]
  0x00000000550df800 JavaThread "Service Thread" daemon [_thread_blocked, id=19000, stack(0x0000000056fa0000,0x00000000570a0000)]
  0x00000000550dd000 JavaThread "C1 CompilerThread2" daemon [_thread_blocked, id=7764, stack(0x0000000056a90000,0x0000000056b90000)]
  0x00000000550dc000 JavaThread "C2 CompilerThread1" daemon [_thread_blocked, id=15660, stack(0x0000000056480000,0x0000000056580000)]
=>0x00000000550d8000 JavaThread "C2 CompilerThread0" daemon [_thread_in_native, id=17916, stack(0x0000000056820000,0x0000000056920000)]
  0x00000000550d5800 JavaThread "Attach Listener" daemon [_thread_blocked, id=20012, stack(0x00000000566c0000,0x00000000567c0000)]
  0x00000000550d2000 JavaThread "Signal Dispatcher" daemon [_thread_blocked, id=18544, stack(0x0000000056590000,0x0000000056690000)]
  0x0000000055076800 JavaThread "Finalizer" daemon [_thread_blocked, id=17628, stack(0x0000000056350000,0x0000000056450000)]
  0x0000000055070000 JavaThread "Reference Handler" daemon [_thread_blocked, id=19676, stack(0x0000000056230000,0x0000000056330000)]
  0x0000000001e0e000 JavaThread "main" [_thread_blocked, id=20392, stack(0x0000000002210000,0x0000000002310000)]

Other Threads:
  0x000000005506a800 VMThread [stack: 0x0000000056030000,0x0000000056130000] [id=14544]
  0x0000000056c22000 WatcherThread [stack: 0x0000000057150000,0x0000000057250000] [id=19284]

VM state:not at safepoint (normal execution)

VM Mutex/Monitor currently owned by a thread: None

Heap:
 PSYoungGen      total 71680K, used 61632K [0x00000000eab00000, 0x00000000ef600000, 0x0000000100000000)
  eden space 66560K, 84% used [0x00000000eab00000,0x00000000ee231070,0x00000000eec00000)
  from space 5120K, 99% used [0x00000000ef100000,0x00000000ef5ff340,0x00000000ef600000)
  to   space 5120K, 0% used [0x00000000eec00000,0x00000000eec00000,0x00000000ef100000)
 ParOldGen       total 87552K, used 5882K [0x00000000c0000000, 0x00000000c5580000, 0x00000000eab00000)
  object space 87552K, 6% used [0x00000000c0000000,0x00000000c05be900,0x00000000c5580000)
 Metaspace       used 6280K, capacity 7128K, committed 7424K, reserved 1056768K
  class space    used 624K, capacity 656K, committed 768K, reserved 1048576K

Card table byte_map: [0x0000000011a20000,0x0000000011c30000] byte_map_base: 0x0000000011420000

Marking Bits: (ParMarkBitMap*) 0x0000000077f7a5b0
 Begin Bits: [0x00000000124e0000, 0x00000000134e0000)
 End Bits:   [0x00000000134e0000, 0x00000000144e0000)

Polling page: 0x0000000000530000

CodeCache: size=245760Kb used=6311Kb max_used=6323Kb free=239448Kb
 bounds [0x0000000002660000, 0x0000000002ca0000, 0x0000000011660000]
 total_blobs=1858 nmethods=1589 adapters=182
 compilation: enabled

Compilation events (10 events):
Event: 3.508 Thread 0x00000000550dc000 1330       4       java.util.HashMap::<init> (11 bytes)
Event: 3.509 Thread 0x00000000550dc000 nmethod 1330 0x0000000002c61590 code [0x0000000002c616c0, 0x0000000002c61718]
Event: 3.509 Thread 0x00000000550dc000 1323       4       com.android.dx.rop.code.RegisterSpec::makeLocalOptional (7 bytes)
Event: 3.509 Thread 0x00000000550dc000 nmethod 1323 0x0000000002c3ae10 code [0x0000000002c3af60, 0x0000000002c3afc8]
Event: 3.509 Thread 0x00000000550dc000 1375       4       com.android.dx.ssa.SsaInsn::<init> (29 bytes)
Event: 3.510 Thread 0x00000000550dc000 nmethod 1375 0x0000000002c7edd0 code [0x0000000002c7ef00, 0x0000000002c7ef98]
Event: 3.510 Thread 0x00000000550dc000 1299       4       java.lang.AbstractStringBuilder::append (50 bytes)
Event: 3.516 Thread 0x00000000550dc000 nmethod 1299 0x0000000002c81550 code [0x0000000002c816a0, 0x0000000002c81a38]
Event: 3.516 Thread 0x00000000550dc000 1291       4       com.android.dx.ssa.SsaRenamer$BlockRenamer$RenamingMapper::map (28 bytes)
Event: 3.518 Thread 0x00000000550dc000 nmethod 1291 0x0000000002c7e9d0 code [0x0000000002c7eb20, 0x0000000002c7ec08]

GC Heap History (4 events):
Event: 1.842 GC heap before
{Heap before GC invocations=1 (full 0):
 PSYoungGen      total 38400K, used 33280K [0x00000000eab00000, 0x00000000ed580000, 0x0000000100000000)
  eden space 33280K, 100% used [0x00000000eab00000,0x00000000ecb80000,0x00000000ecb80000)
  from space 5120K, 0% used [0x00000000ed080000,0x00000000ed080000,0x00000000ed580000)
  to   space 5120K, 0% used [0x00000000ecb80000,0x00000000ecb80000,0x00000000ed080000)
 ParOldGen       total 87552K, used 0K [0x00000000c0000000, 0x00000000c5580000, 0x00000000eab00000)
  object space 87552K, 0% used [0x00000000c0000000,0x00000000c0000000,0x00000000c5580000)
 Metaspace       used 5931K, capacity 6896K, committed 7040K, reserved 1056768K
  class space    used 595K, capacity 616K, committed 640K, reserved 1048576K
Event: 2.052 GC heap after
Heap after GC invocations=1 (full 0):
 PSYoungGen      total 38400K, used 5114K [0x00000000eab00000, 0x00000000ef600000, 0x0000000100000000)
  eden space 33280K, 0% used [0x00000000eab00000,0x00000000eab00000,0x00000000ecb80000)
  from space 5120K, 99% used [0x00000000ecb80000,0x00000000ed07e8e8,0x00000000ed080000)
  to   space 5120K, 0% used [0x00000000ef100000,0x00000000ef100000,0x00000000ef600000)
 ParOldGen       total 87552K, used 1667K [0x00000000c0000000, 0x00000000c5580000, 0x00000000eab00000)
  object space 87552K, 1% used [0x00000000c0000000,0x00000000c01a0fe8,0x00000000c5580000)
 Metaspace       used 5931K, capacity 6896K, committed 7040K, reserved 1056768K
  class space    used 595K, capacity 616K, committed 640K, reserved 1048576K
}
Event: 2.723 GC heap before
{Heap before GC invocations=2 (full 0):
 PSYoungGen      total 38400K, used 38394K [0x00000000eab00000, 0x00000000ef600000, 0x0000000100000000)
  eden space 33280K, 100% used [0x00000000eab00000,0x00000000ecb80000,0x00000000ecb80000)
  from space 5120K, 99% used [0x00000000ecb80000,0x00000000ed07e8e8,0x00000000ed080000)
  to   space 5120K, 0% used [0x00000000ef100000,0x00000000ef100000,0x00000000ef600000)
 ParOldGen       total 87552K, used 1667K [0x00000000c0000000, 0x00000000c5580000, 0x00000000eab00000)
  object space 87552K, 1% used [0x00000000c0000000,0x00000000c01a0fe8,0x00000000c5580000)
 Metaspace       used 6105K, capacity 7000K, committed 7168K, reserved 1056768K
  class space    used 621K, capacity 656K, committed 768K, reserved 1048576K
Event: 2.750 GC heap after
Heap after GC invocations=2 (full 0):
 PSYoungGen      total 71680K, used 5116K [0x00000000eab00000, 0x00000000ef600000, 0x0000000100000000)
  eden space 66560K, 0% used [0x00000000eab00000,0x00000000eab00000,0x00000000eec00000)
  from space 5120K, 99% used [0x00000000ef100000,0x00000000ef5ff340,0x00000000ef600000)
  to   space 5120K, 0% used [0x00000000eec00000,0x00000000eec00000,0x00000000ef100000)
 ParOldGen       total 87552K, used 5882K [0x00000000c0000000, 0x00000000c5580000, 0x00000000eab00000)
  object space 87552K, 6% used [0x00000000c0000000,0x00000000c05be900,0x00000000c5580000)
 Metaspace       used 6105K, capacity 7000K, committed 7168K, reserved 1056768K
  class space    used 621K, capacity 656K, committed 768K, reserved 1048576K
}

Deoptimization events (10 events):
Event: 2.476 Thread 0x0000000056eb5800 Uncommon trap: reason=unstable_if action=reinterpret pc=0x0000000002a88650 method=java.util.HashMap.putVal(ILjava/lang/Object;Ljava/lang/Object;ZZ)Ljava/lang/Object; @ 162
Event: 2.479 Thread 0x0000000056eb5800 Uncommon trap: reason=unstable_if action=reinterpret pc=0x0000000002a62290 method=java.util.HashMap.getNode(ILjava/lang/Object;)Ljava/util/HashMap$Node; @ 84
Event: 2.495 Thread 0x0000000056eb5800 Uncommon trap: reason=unstable_if action=reinterpret pc=0x0000000002a4ef94 method=java.util.HashMap.getNode(ILjava/lang/Object;)Ljava/util/HashMap$Node; @ 84
Event: 2.560 Thread 0x0000000001e0e000 Uncommon trap: reason=unstable_if action=reinterpret pc=0x0000000002add320 method=java.util.HashMap.putVal(ILjava/lang/Object;Ljava/lang/Object;ZZ)Ljava/lang/Object; @ 162
Event: 2.791 Thread 0x0000000056e42800 Uncommon trap: reason=null_check action=make_not_entrant pc=0x0000000002af08cc method=com.android.dx.ssa.SsaRenamer.getLocalForNewReg(I)Lcom/android/dx/rop/code/LocalItem; @ 19
Event: 2.854 Thread 0x0000000056e42800 Uncommon trap: reason=bimorphic action=maybe_recompile pc=0x0000000002b93020 method=com.android.dx.cf.code.BytecodeArray.parseInstruction(ILcom/android/dx/cf/code/BytecodeArray$Visitor;)I @ 939
Event: 2.854 Thread 0x0000000056e42800 Uncommon trap: reason=bimorphic action=maybe_recompile pc=0x0000000002b93020 method=com.android.dx.cf.code.BytecodeArray.parseInstruction(ILcom/android/dx/cf/code/BytecodeArray$Visitor;)I @ 939
Event: 2.854 Thread 0x0000000056e42800 Uncommon trap: reason=bimorphic action=maybe_recompile pc=0x0000000002b93020 method=com.android.dx.cf.code.BytecodeArray.parseInstruction(ILcom/android/dx/cf/code/BytecodeArray$Visitor;)I @ 939
Event: 2.854 Thread 0x0000000056e42800 Uncommon trap: reason=bimorphic action=maybe_recompile pc=0x0000000002b93020 method=com.android.dx.cf.code.BytecodeArray.parseInstruction(ILcom/android/dx/cf/code/BytecodeArray$Visitor;)I @ 939
Event: 2.865 Thread 0x0000000056e42800 Uncommon trap: reason=unstable_if action=reinterpret pc=0x0000000002b1bcac method=com.android.dx.util.IntList.binarysearch(I)I @ 105

Internal exceptions (7 events):
Event: 0.078 Thread 0x0000000001e0e000 Exception <a 'java/lang/NoSuchMethodError': Method sun.misc.Unsafe.defineClass(Ljava/lang/String;[BII)Ljava/lang/Class; name or signature does not match> (0x00000000eab0d640) thrown at [C:\workspace\8-2-build-windows-amd64-cygwin\jdk8u65\4987\hotspot\src\s%QÒ¬/´?
Event: 0.078 Thread 0x0000000001e0e000 Exception <a 'java/lang/NoSuchMethodError': Method sun.misc.Unsafe.prefetchRead(Ljava/lang/Object;J)V name or signature does not match> (0x00000000eab0d928) thrown at [C:\workspace\8-2-build-windows-amd64-cygwin\jdk8u65\4987\hotspot\src\share\vm\prims\jni.#^£dW@
Event: 2.418 Thread 0x0000000001e0e000 Implicit null exception at 0x0000000002a38178 to 0x0000000002a3a6a1
Event: 2.478 Thread 0x0000000056eb5800 Exception <a 'java/lang/ArrayIndexOutOfBoundsException': 18> (0x00000000ebae1a98) thrown at [C:\workspace\8-2-build-windows-amd64-cygwin\jdk8u65\4987\hotspot\src\share\vm\interpreter\interpreterRuntime.cpp, line 366]
Event: 2.478 Thread 0x0000000056eb5800 Exception <a 'java/lang/ArrayIndexOutOfBoundsException': 145> (0x00000000ebae3618) thrown at [C:\workspace\8-2-build-windows-amd64-cygwin\jdk8u65\4987\hotspot\src\share\vm\interpreter\interpreterRuntime.cpp, line 366]
Event: 2.479 Thread 0x0000000056eb5800 Exception <a 'java/lang/ArrayIndexOutOfBoundsException': 40> (0x00000000ebae4900) thrown at [C:\workspace\8-2-build-windows-amd64-cygwin\jdk8u65\4987\hotspot\src\share\vm\interpreter\interpreterRuntime.cpp, line 366]
Event: 2.791 Thread 0x0000000056e42800 Implicit null exception at 0x0000000002aedf59 to 0x0000000002af08a9

Events (10 events):
Event: 3.030 Thread 0x0000000056e42800 DEOPT PACKING pc=0x00000000029f5ca4 sp=0x000000005745e970
Event: 3.030 Thread 0x0000000056e42800 DEOPT UNPACKING pc=0x00000000026a787f sp=0x000000005745e738 mode 0
Event: 3.050 Thread 0x0000000056e42800 DEOPT PACKING pc=0x00000000029f5ca4 sp=0x000000005745e8e0
Event: 3.050 Thread 0x0000000056e42800 DEOPT UNPACKING pc=0x00000000026a787f sp=0x000000005745e6a8 mode 0
Event: 3.228 Thread 0x0000000056e42800 DEOPT PACKING pc=0x0000000002b53215 sp=0x000000005745eb80
Event: 3.228 Thread 0x0000000056e42800 DEOPT UNPACKING pc=0x00000000026a787f sp=0x000000005745e8b8 mode 0
Event: 3.241 Thread 0x0000000056e42800 DEOPT PACKING pc=0x00000000029f5cbb sp=0x000000005745e950
Event: 3.241 Thread 0x0000000056e42800 DEOPT UNPACKING pc=0x00000000026a787f sp=0x000000005745e718 mode 0
Event: 3.288 Thread 0x0000000056eb6000 DEOPT PACKING pc=0x0000000002be97fb sp=0x0000000056a6eff0
Event: 3.288 Thread 0x0000000056eb6000 DEOPT UNPACKING pc=0x00000000026a787f sp=0x0000000056a6ed30 mode 0


Dynamic libraries:
0x000000013f4a0000 - 0x000000013f4d7000 	C:\Program Files\Java\jdk1.8.0_65\bin\java.exe
0x00000000770e0000 - 0x000000007728a000 	C:\windows\SYSTEM32\ntdll.dll
0x0000000076ec0000 - 0x0000000076fdf000 	C:\windows\system32\kernel32.dll
0x000007fefce80000 - 0x000007fefceeb000 	C:\windows\system32\KERNELBASE.dll
0x000007fefd800000 - 0x000007fefd8db000 	C:\windows\system32\ADVAPI32.dll
0x000007fefd220000 - 0x000007fefd2bf000 	C:\windows\system32\msvcrt.dll
0x000007feff290000 - 0x000007feff2af000 	C:\windows\SYSTEM32\sechost.dll
0x000007feff2c0000 - 0x000007feff3ed000 	C:\windows\system32\RPCRT4.dll
0x0000000076fe0000 - 0x00000000770da000 	C:\windows\system32\USER32.dll
0x000007fefd4c0000 - 0x000007fefd527000 	C:\windows\system32\GDI32.dll
0x000007feff280000 - 0x000007feff28e000 	C:\windows\system32\LPK.dll
0x000007fefee00000 - 0x000007fefeeca000 	C:\windows\system32\USP10.dll
0x000007fefb050000 - 0x000007fefb244000 	C:\windows\WinSxS\amd64_microsoft.windows.common-controls_6595b64144ccf1df_6.0.7601.18837_none_fa3b1e3d17594757\COMCTL32.dll
0x000007fefd2c0000 - 0x000007fefd331000 	C:\windows\system32\SHLWAPI.dll
0x000007fefd6c0000 - 0x000007fefd6ee000 	C:\windows\system32\IMM32.DLL
0x000007fefd6f0000 - 0x000007fefd7f9000 	C:\windows\system32\MSCTF.dll
0x0000000069200000 - 0x00000000692d2000 	C:\Program Files\Java\jdk1.8.0_65\jre\bin\msvcr100.dll
0x0000000077770000 - 0x0000000077ff9000 	C:\Program Files\Java\jdk1.8.0_65\jre\bin\server\jvm.dll
0x000007fef8a60000 - 0x000007fef8a69000 	C:\windows\system32\WSOCK32.dll
0x000007fefebd0000 - 0x000007fefec1d000 	C:\windows\system32\WS2_32.dll
0x000007feff2b0000 - 0x000007feff2b8000 	C:\windows\system32\NSI.dll
0x000007fefa650000 - 0x000007fefa68b000 	C:\windows\system32\WINMM.dll
0x000007fefb810000 - 0x000007fefb81c000 	C:\windows\system32\VERSION.dll
0x00000000772a0000 - 0x00000000772a7000 	C:\windows\system32\PSAPI.DLL
0x0000000072450000 - 0x000000007245f000 	C:\Program Files\Java\jdk1.8.0_65\jre\bin\verify.dll
0x0000000070640000 - 0x0000000070669000 	C:\Program Files\Java\jdk1.8.0_65\jre\bin\java.dll
0x00000000715e0000 - 0x00000000715f6000 	C:\Program Files\Java\jdk1.8.0_65\jre\bin\zip.dll
0x000007fefde40000 - 0x000007fefebc9000 	C:\windows\system32\SHELL32.dll
0x000007fefd960000 - 0x000007fefdb63000 	C:\windows\system32\ole32.dll
0x000007fefce60000 - 0x000007fefce6f000 	C:\windows\system32\profapi.dll

VM Arguments:
jvm_args: -Djava.awt.headless=true -Xmx1024M -Dfile.encoding=windows-1252 -Duser.country=US -Duser.language=en -Duser.variant 
java_command: com.android.dx.command.Main --dex --num-threads=4 --output C:\Users\chad.yeo\Desktop\PopularMoviesApplication\app\build\intermediates\pre-dexed\debug\com.android.support-recyclerview-v7-22.2.0_11385b21616310fab1b28159b1d701a89576932f.jar C:\Users\chad.yeo\Desktop\PopularMoviesApplication\app\build\intermediates\exploded-aar\com.android.support\recyclerview-v7\22.2.0\jars\classes.jar
java_class_path (initial): C:\Users\chad.yeo\AppData\Local\Android\sdk\build-tools\23.0.2\lib\dx.jar
Launcher Type: SUN_STANDARD

Environment Variables:
PATH=C:\ProgramData\Oracle\Java\javapath;C:\Program Files\Common Files\Microsoft Shared\Windows Live;C:\Program Files (x86)\Common Files\Microsoft Shared\Windows Live;C:\windows\system32;C:\windows;C:\windows\System32\Wbem;C:\windows\System32\WindowsPowerShell\v1.0\;C:\Program Files (x86)\QuickTime\QTSystem\;C:\Program Files\nodejs\;C:\Program Files (x86)\Skype\Phone\;C:\Program Files (x86)\Windows Live\Shared;C:\HashiCorp\Vagrant\bin;C:\Users\chad.yeo\AppData\Local\Programs\Git\cmd;C:\Users\chad.yeo\AppData\Local\Programs\Git\mingw64\bin;C:\Users\chad.yeo\AppData\Local\Programs\Git\usr\bin;C:\sqlite
USERNAME=chad.yeo
OS=Windows_NT
PROCESSOR_IDENTIFIER=Intel64 Family 6 Model 69 Stepping 1, GenuineIntel



---------------  S Y S T E M  ---------------

OS: Windows 7 , 64 bit Build 7601 (6.1.7601.19160)

CPU:total 4 (2 cores per cpu, 2 threads per core) family 6 model 69 stepping 1, cmov, cx8, fxsr, mmx, sse, sse2, sse3, ssse3, sse4.1, sse4.2, popcnt, avx, avx2, aes, clmul, erms, lzcnt, ht, tsc, tscinvbit, bmi1, bmi2

Memory: 4k page, physical 8301464k(588200k free), swap 12493932k(13080k free)

vm_info: Java HotSpot(TM) 64-Bit Server VM (25.65-b01) for windows-amd64 JRE (1.8.0_65-b17), built on Oct  6 2015 16:39:20 by "java_re" with MS VC++ 10.0 (VS2010)

time: Wed Apr 13 15:48:52 2016
elapsed time: 3 seconds (0d 0h 0m 3s)

